<?xml version="1.0" encoding="UTF-8"?>
<testsuite xmlns:xsi="http://www.w3.org/2001/XMLSchema-instance" xsi:noNamespaceSchemaLocation="https://maven.apache.org/surefire/maven-surefire-plugin/xsd/surefire-test-report.xsd" name="org.bankkata.service.AccountServiceTest" time="0.109" tests="13" errors="0" skipped="0" failures="0">
  <properties>
[...]
</properties>
  <testcase name="getExistingAccountTest" classname="org.bankkata.service.AccountServiceTest" time="0.061"/>
  <testcase name="getNonExistingAccountTest" classname="org.bankkata.service.AccountServiceTest" time="0.001"/>
  <testcase name="depositReturnGoodBalanceTest" classname="org.bankkata.service.AccountServiceTest" time="0.005"/>
  <testcase name="depositReturnBadBalanceTest" classname="org.bankkata.service.AccountServiceTest" time="0.002"/>
  <testcase name="depositNullAccountTest" classname="org.bankkata.service.AccountServiceTest" time="0.002"/>
  <testcase name="depositNegativeAmountTest" classname="org.bankkata.service.AccountServiceTest" time="0.002"/>
  <testcase name="withdrawalReturnGoodBalanceTest" classname="org.bankkata.service.AccountServiceTest" time="0.001"/>
  <testcase name="withdrawalReturnBadBalanceTest" classname="org.bankkata.service.AccountServiceTest" time="0.001"/>
  <testcase name="withdrawalNullAccountTest" classname="org.bankkata.service.AccountServiceTest" time="0.001"/>
  <testcase name="withdrawalNegativeAmountTest" classname="org.bankkata.service.AccountServiceTest" time="0.002"/>
  <testcase name="withdrawalNegativeBalanceTest" classname="org.bankkata.service.AccountServiceTest" time="0.002"/>
  <testcase name="withdrawalNegativeOverDraftLimitTest" classname="org.bankkata.service.AccountServiceTest" time="0.002"/>
  <testcase name="accountStatementTest" classname="org.bankkata.service.AccountServiceTest" time="0.008"/>
</testsuite>